<?xml version="1.0" encoding="UTF-8"?>
<!-- Generated by org.testng.reporters.JUnitReportReporter -->
<testsuite name="com.cukepractise.runner.Runner" tests="1" time="30.029" ignored="0" failures="0" timestamp="23 May 2017 18:22:08 GMT" skipped="0" hostname="DESKTOP-PCC37BG" errors="0">
  <testcase name="feature" time="30.029" classname="com.cukepractise.runner.Runner"/>
</testsuite> <!-- com.cukepractise.runner.Runner -->
